[debug] [2025-09-28T10:01:26.388Z] ----------------------------------------------------------------------
[debug] [2025-09-28T10:01:26.391Z] Command:       C:\Program Files\nodejs\node.exe C:\Users\dimai\AppData\Roaming\npm\node_modules\firebase-tools\lib\bin\firebase.js init
[debug] [2025-09-28T10:01:26.392Z] CLI Version:   14.12.0
[debug] [2025-09-28T10:01:26.392Z] Platform:      win32
[debug] [2025-09-28T10:01:26.392Z] Node Version:  v21.4.0
[debug] [2025-09-28T10:01:26.392Z] Time:          Sun Sep 28 2025 12:01:26 GMT+0200 (heure d’été d’Europe centrale)
[debug] [2025-09-28T10:01:26.392Z] ----------------------------------------------------------------------
[debug] 
[debug] [2025-09-28T10:01:26.400Z] > command requires scopes: ["email","openid","https://www.googleapis.com/auth/cloudplatformprojects.readonly","https://www.googleapis.com/auth/firebase","https://www.googleapis.com/auth/cloud-platform"]
[debug] [2025-09-28T10:01:26.400Z] > authorizing via signed-in user (cetatenie.rom.alina@gmail.com)
[info] 
     ######## #### ########  ######## ########     ###     ######  ########
     ##        ##  ##     ## ##       ##     ##  ##   ##  ##       ##
     ######    ##  ########  ######   ########  #########  ######  ######
     ##        ##  ##    ##  ##       ##     ## ##     ##       ## ##
     ##       #### ##     ## ######## ########  ##     ##  ######  ########

You're about to initialize a Firebase project in this directory:

  C:\Users\dimai\Desktop\ai nostri\annonces-app

[info] 
=== Project Setup
[info] 
[info] First, let's associate this project directory with a Firebase project.
[info] You can create multiple project aliases by running firebase use --add, 
[info] but for now we'll just set up a default project.
[info] 
[debug] [2025-09-28T10:01:50.648Z] Checked if tokens are valid: false, expires at: 1755181750031
[debug] [2025-09-28T10:01:50.648Z] Checked if tokens are valid: false, expires at: 1755181750031
[debug] [2025-09-28T10:01:50.648Z] > refreshing access token with scopes: []
[debug] [2025-09-28T10:01:50.650Z] >>> [apiv2][query] POST https://www.googleapis.com/oauth2/v3/token [none]
[debug] [2025-09-28T10:01:50.650Z] >>> [apiv2][body] POST https://www.googleapis.com/oauth2/v3/token [omitted]
[debug] [2025-09-28T10:01:50.785Z] <<< [apiv2][status] POST https://www.googleapis.com/oauth2/v3/token 200
[debug] [2025-09-28T10:01:50.785Z] <<< [apiv2][body] POST https://www.googleapis.com/oauth2/v3/token [omitted]
[debug] [2025-09-28T10:01:50.799Z] >>> [apiv2][query] GET https://firebase.googleapis.com/v1beta1/projects pageSize=100
[debug] [2025-09-28T10:01:51.209Z] <<< [apiv2][status] GET https://firebase.googleapis.com/v1beta1/projects 200
[debug] [2025-09-28T10:01:51.209Z] <<< [apiv2][body] GET https://firebase.googleapis.com/v1beta1/projects [omitted]
[debug] [2025-09-28T10:01:58.308Z] ExitPromptError: User force closed the prompt with SIGINT
    at Interface.sigint (C:\Users\dimai\AppData\Roaming\npm\node_modules\firebase-tools\node_modules\@inquirer\core\dist\commonjs\lib\create-prompt.js:101:37)
    at Interface.emit (node:events:519:28)
    at Interface.emit (node:domain:488:12)
    at [_ttyWrite] [as _ttyWrite] (node:internal/readline/interface:1125:18)
    at ReadStream.onkeypress (node:internal/readline/interface:264:20)
    at ReadStream.emit (node:events:531:35)
    at ReadStream.emit (node:domain:488:12)
    at emitKeys (node:internal/readline/utils:371:14)
    at emitKeys.next (<anonymous>)
    at ReadStream.onData (node:internal/readline/emitKeypressEvents:64:36)
[error] 
[error] Error: An unexpected error has occurred.
